<?xml version="1.0" encoding="UTF-8"?>
<testsuite xmlns:xsi="http://www.w3.org/2001/XMLSchema-instance" xsi:schemaLocation="https://maven.apache.org/surefire/maven-surefire-plugin/xsd/surefire-test-report.xsd" name="com.blazedemo.bdd.runner.Runner" time="150.848" tests="68" errors="0" skipped="3" failures="4">
  <properties>
    <property name="java.runtime.name" value="Java(TM) SE Runtime Environment"/>
    <property name="sun.boot.library.path" value="C:\Program Files\Java\jdk1.8.0_161\jre\bin"/>
    <property name="java.vm.version" value="25.161-b12"/>
    <property name="java.vm.vendor" value="Oracle Corporation"/>
    <property name="maven.multiModuleProjectDirectory" value="E:\git\blazedemo"/>
    <property name="java.vendor.url" value="http://java.oracle.com/"/>
    <property name="path.separator" value=";"/>
    <property name="guice.disable.misplaced.annotation.check" value="true"/>
    <property name="java.vm.name" value="Java HotSpot(TM) 64-Bit Server VM"/>
    <property name="file.encoding.pkg" value="sun.io"/>
    <property name="user.script" value=""/>
    <property name="user.country" value="US"/>
    <property name="sun.java.launcher" value="SUN_STANDARD"/>
    <property name="sun.os.patch.level" value=""/>
    <property name="java.vm.specification.name" value="Java Virtual Machine Specification"/>
    <property name="user.dir" value="E:\git\blazedemo"/>
    <property name="java.runtime.version" value="1.8.0_161-b12"/>
    <property name="java.awt.graphicsenv" value="sun.awt.Win32GraphicsEnvironment"/>
    <property name="java.endorsed.dirs" value="C:\Program Files\Java\jdk1.8.0_161\jre\lib\endorsed"/>
    <property name="os.arch" value="amd64"/>
    <property name="java.io.tmpdir" value="C:\Users\Dell\AppData\Local\Temp\"/>
    <property name="line.separator" value="&#10;"/>
    <property name="java.vm.specification.vendor" value="Oracle Corporation"/>
    <property name="user.variant" value=""/>
    <property name="os.name" value="Windows 10"/>
    <property name="classworlds.conf" value="C:\apache-maven-3.6.0\bin\..\bin\m2.conf"/>
    <property name="sun.jnu.encoding" value="Cp1252"/>
    <property name="java.library.path" value="C:\Program Files\Java\jdk1.8.0_161\bin;C:\WINDOWS\Sun\Java\bin;C:\WINDOWS\system32;C:\WINDOWS;C:\Python38\Scripts\;C:\Python38\;C:\Program Files (x86)\Common Files\Intel\Shared Files\cpp\bin\Intel64;C:\Program Files (x86)\Common Files\Oracle\Java\javapath;C:\ProgramData\Oracle\Java\javapath;C:\WINDOWS\system32;C:\WINDOWS;C:\WINDOWS\System32\Wbem;C:\WINDOWS\System32\WindowsPowerShell\v1.0\;C:\WINDOWS\System32\OpenSSH\;C:\Program Files\Java\jdk1.8.0_161\bin;C:\apache-maven-3.6.0\bin;C:\Program Files\Intel\WiFi\bin\;C:\Program Files\Common Files\Intel\WirelessCommon\;C:\Program Files (x86)\Intel\Intel(R) Management Engine Components\DAL;C:\Program Files\Intel\Intel(R) Management Engine Components\DAL;C:\Program Files\nodejs\;C:\ProgramData\chocolatey\bin;C:\Program Files\Git\cmd;C:\Users\Dell\AppData\Local\Programs\Python\Python37-32\Scripts\;C:\Users\Dell\AppData\Local\Programs\Python\Python37-32\;C:\Users\Dell\AppData\Local\Microsoft\WindowsApps;C:\Program Files\Intel\WiFi\bin\;C:\Program Files\Common Files\Intel\WirelessCommon\;C:\Program Files\Java\jdk1.8.0_161\bin;C:\Users\Dell\AppData\Roaming\npm;C:\Users\Dell\AppData\Local\Programs\Microsoft VS Code\bin;;."/>
    <property name="maven.conf" value="C:\apache-maven-3.6.0\bin\../conf"/>
    <property name="java.specification.name" value="Java Platform API Specification"/>
    <property name="java.class.version" value="52.0"/>
    <property name="sun.management.compiler" value="HotSpot 64-Bit Tiered Compilers"/>
    <property name="os.version" value="10.0"/>
    <property name="library.jansi.path" value="C:\apache-maven-3.6.0\bin\..\lib\jansi-native"/>
    <property name="user.home" value="C:\Users\Dell"/>
    <property name="user.timezone" value="Asia/Calcutta"/>
    <property name="java.awt.printerjob" value="sun.awt.windows.WPrinterJob"/>
    <property name="java.specification.version" value="1.8"/>
    <property name="file.encoding" value="Cp1252"/>
    <property name="user.name" value="Akshay"/>
    <property name="java.class.path" value="C:\apache-maven-3.6.0\bin\..\boot\plexus-classworlds-2.5.2.jar"/>
    <property name="java.vm.specification.version" value="1.8"/>
    <property name="sun.arch.data.model" value="64"/>
    <property name="java.home" value="C:\Program Files\Java\jdk1.8.0_161\jre"/>
    <property name="sun.java.command" value="org.codehaus.plexus.classworlds.launcher.Launcher clean verify"/>
    <property name="java.specification.vendor" value="Oracle Corporation"/>
    <property name="user.language" value="en"/>
    <property name="awt.toolkit" value="sun.awt.windows.WToolkit"/>
    <property name="java.vm.info" value="mixed mode"/>
    <property name="java.version" value="1.8.0_161"/>
    <property name="java.ext.dirs" value="C:\Program Files\Java\jdk1.8.0_161\jre\lib\ext;C:\WINDOWS\Sun\Java\lib\ext"/>
    <property name="sun.boot.class.path" value="C:\Program Files\Java\jdk1.8.0_161\jre\lib\resources.jar;C:\Program Files\Java\jdk1.8.0_161\jre\lib\rt.jar;C:\Program Files\Java\jdk1.8.0_161\jre\lib\sunrsasign.jar;C:\Program Files\Java\jdk1.8.0_161\jre\lib\jsse.jar;C:\Program Files\Java\jdk1.8.0_161\jre\lib\jce.jar;C:\Program Files\Java\jdk1.8.0_161\jre\lib\charsets.jar;C:\Program Files\Java\jdk1.8.0_161\jre\lib\jfr.jar;C:\Program Files\Java\jdk1.8.0_161\jre\classes"/>
    <property name="sun.stderr.encoding" value="cp437"/>
    <property name="java.vendor" value="Oracle Corporation"/>
    <property name="maven.home" value="C:\apache-maven-3.6.0\bin\.."/>
    <property name="file.separator" value="\"/>
    <property name="java.vendor.url.bug" value="http://bugreport.sun.com/bugreport/"/>
    <property name="sun.cpu.endian" value="little"/>
    <property name="sun.io.unicode.encoding" value="UnicodeLittle"/>
    <property name="sun.stdout.encoding" value="cp437"/>
    <property name="sun.desktop" value="windows"/>
    <property name="sun.cpu.isalist" value="amd64"/>
  </properties>
  <testcase name="Given User launches application" classname="Scenario: Verify Welcome Message and Destination of the week details" time="0.004"/>
  <testcase name="When User verifies welcome message as Welcome to the Simple Travel Agency!" classname="Scenario: Verify Welcome Message and Destination of the week details" time="0"/>
  <testcase name="And User clicks on destination of the week link on welcome screen" classname="Scenario: Verify Welcome Message and Destination of the week details" time="0"/>
  <testcase name="Then User is navigated to vacation screen" classname="Scenario: Verify Welcome Message and Destination of the week details" time="0"/>
  <testcase name="And User verifies Destination of the week: Hawaii ! text is displayed on vacation screen" classname="Scenario: Verify Welcome Message and Destination of the week details" time="0"/>
  <testcase name="And User verifies assets/vacation.jpg image is displayed on vacation screen" classname="Scenario: Verify Welcome Message and Destination of the week details" time="0"/>
  <testcase name="Scenario: Verify Welcome Message and Destination of the week details" classname="Scenario: Verify Welcome Message and Destination of the week details" time="0.016"/>
  <testcase name="Given User launches application" classname="Scenario: Find Flights for Departure and Destination cities" time="0.001"/>
  <testcase name="When User selects Boston as departure city" classname="Scenario: Find Flights for Departure and Destination cities" time="0"/>
  <testcase name="And User selects London as destination city" classname="Scenario: Find Flights for Departure and Destination cities" time="0"/>
  <testcase name="And User clicks Find Flights button" classname="Scenario: Find Flights for Departure and Destination cities" time="0"/>
  <testcase name="Then User is navigated to reserve screen" classname="Scenario: Find Flights for Departure and Destination cities" time="0"/>
  <testcase name="Scenario: Find Flights for Departure and Destination cities" classname="Scenario: Find Flights for Departure and Destination cities" time="0"/>
  <testcase name="Given User launches application" classname="Scenario: Verify Flight details from Departure to Destination cities" time="0"/>
  <testcase name="When User finds flights from Boston city to London city" classname="Scenario: Verify Flight details from Departure to Destination cities" time="0"/>
  <testcase name="Then User is navigated to reserve screen" classname="Scenario: Verify Flight details from Departure to Destination cities" time="0"/>
  <testcase name="And User verifies Flights from Boston to London: text is displayed on reserve screen" classname="Scenario: Verify Flight details from Departure to Destination cities" time="0"/>
  <testcase name="Scenario: Verify Flight details from Departure to Destination cities" classname="Scenario: Verify Flight details from Departure to Destination cities" time="0.016"/>
  <testcase name="Given User launches application" classname="Scenario: Verify user can choose flight by Flight Number" time="0"/>
  <testcase name="When User finds flights from Portland city to Dublin city" classname="Scenario: Verify user can choose flight by Flight Number" time="0"/>
  <testcase name="And User is navigated to reserve screen" classname="Scenario: Verify user can choose flight by Flight Number" time="0"/>
  <testcase name="And User chooses flight number 234" classname="Scenario: Verify user can choose flight by Flight Number" time="0"/>
  <testcase name="Then User is navigated to purchase screen" classname="Scenario: Verify user can choose flight by Flight Number" time="0"/>
  <testcase name="Scenario: Verify user can choose flight by Flight Number" classname="Scenario: Verify user can choose flight by Flight Number" time="0.016"/>
  <testcase name="Given User launches application" classname="Scenario: Verify user can choose flight by Airline name and Depart Time" time="0.001"/>
  <testcase name="When User finds flights from Paris city to Cairo city" classname="Scenario: Verify user can choose flight by Airline name and Depart Time" time="0"/>
  <testcase name="And User is navigated to reserve screen" classname="Scenario: Verify user can choose flight by Airline name and Depart Time" time="0"/>
  <testcase name="And User chooses flight having Airline and Depart time details as" classname="Scenario: Verify user can choose flight by Airline name and Depart Time" time="0"/>
  <testcase name="Then User is navigated to purchase screen" classname="Scenario: Verify user can choose flight by Airline name and Depart Time" time="0"/>
  <testcase name="Scenario: Verify user can choose flight by Airline name and Depart Time" classname="Scenario: Verify user can choose flight by Airline name and Depart Time" time="0.008"/>
  <testcase name="Given User launches application" classname="Scenario: Verify Flight reservation message" time="0"/>
  <testcase name="When User finds flights from Portland city to Dublin city" classname="Scenario: Verify Flight reservation message" time="0"/>
  <testcase name="And User is navigated to reserve screen" classname="Scenario: Verify Flight reservation message" time="0"/>
  <testcase name="And User chooses flight number 234" classname="Scenario: Verify Flight reservation message" time="0"/>
  <testcase name="Then User is navigated to purchase screen" classname="Scenario: Verify Flight reservation message" time="0.001"/>
  <testcase name="And User verifies Your flight from TLV to SFO has been reserved. text on purchase screen" classname="Scenario: Verify Flight reservation message" time="0"/>
  <testcase name="Scenario: Verify Flight reservation message" classname="Scenario: Verify Flight reservation message" time="0"/>
  <testcase name="Given User launches application" classname="Scenario: Verify user can Enter details and Purchase Flight" time="0"/>
  <testcase name="Given User launches application" classname="Scenario: Verify user can Enter details and Purchase Flight" time="0"/>
  <testcase name="When User finds flights from Portland city to Dublin city" classname="Scenario: Verify user can Enter details and Purchase Flight" time="0"/>
  <testcase name="When User finds flights from Portland city to Dublin city" classname="Scenario: Verify user can Enter details and Purchase Flight" time="0"/>
  <testcase name="And User is navigated to reserve screen" classname="Scenario: Verify user can Enter details and Purchase Flight" time="0"/>
  <testcase name="And User is navigated to reserve screen" classname="Scenario: Verify user can Enter details and Purchase Flight" time="0"/>
  <testcase name="And User chooses flight number 234" classname="Scenario: Verify user can Enter details and Purchase Flight" time="0"/>
  <testcase name="And User chooses flight number 234" classname="Scenario: Verify user can Enter details and Purchase Flight" time="0"/>
  <testcase name="And User is navigated to purchase screen" classname="Scenario: Verify user can Enter details and Purchase Flight" time="0"/>
  <testcase name="And User is navigated to purchase screen" classname="Scenario: Verify user can Enter details and Purchase Flight" time="0"/>
  <testcase name="And User Purchase flight by entering details as" classname="Scenario: Verify user can Enter details and Purchase Flight" time="0"/>
  <testcase name="And User Purchase flight by entering details as" classname="Scenario: Verify user can Enter details and Purchase Flight" time="0"/>
  <testcase name="Then User is navigated to confirmation screen" classname="Scenario: Verify user can Enter details and Purchase Flight" time="0"/>
  <testcase name="Then User is navigated to confirmation screen" classname="Scenario: Verify user can Enter details and Purchase Flight" time="0"/>
  <testcase name="Scenario: Verify user can Enter details and Purchase Flight" classname="Scenario: Verify user can Enter details and Purchase Flight" time="0.006"/>
  <testcase name="Scenario: Verify user can Enter details and Purchase Flight" classname="Scenario: Verify user can Enter details and Purchase Flight" time="0.018"/>
  <testcase name="And User verifies Flights from Portland to Dublin: text is displayed on reserve screen" classname="Scenario: Verify user can Enter details and Purchase Flight" time="0"/>
  <testcase name="And User verifies Thank you for your purchase today! text on confirmation screen" classname="Scenario: Verify user can Enter details and Purchase Flight" time="0"/>
  <testcase name="And User verifies 13 digit Id is generated successfully on confirmation screen" classname="Scenario: Verify user can Enter details and Purchase Flight" time="0"/>
  <testcase name="And User verifies Status as PendingCapture on confirmation screen" classname="Scenario: Verify user can Enter details and Purchase Flight" time="0"/>
  <testcase name="Given User launches application" classname="Scenario: Verify Welcome Message" time="0"/>
  <testcase name="When User verifies welcome message as INCORRECT WELCOME MESSAGE!" classname="Scenario: Verify Welcome Message" time="0">
    <failure message="Expected Message : INCORRECT WELCOME MESSAGE!Actual Message : Welcome to the Simple Travel Agency!" type="java.lang.AssertionError">java.lang.AssertionError: Expected Message : INCORRECT WELCOME MESSAGE!Actual Message : Welcome to the Simple Travel Agency!
</failure>
    <system-out><![CDATA[
  Background:                       # 005_Negative_Failing_Scenarios.feature:4
    Given User launches application # StepDefinitionCommon.user_launches_application()
FAIL : Expected Message : INCORRECT WELCOME MESSAGE!Actual Message : Welcome to the Simple Travel Agency!

]]></system-out>
  </testcase>
  <testcase name="Scenario: Verify Welcome Message" classname="Scenario: Verify Welcome Message" time="0">
    <failure message="Expected Message : INCORRECT WELCOME MESSAGE!Actual Message : Welcome to the Simple Travel Agency!" type="java.lang.AssertionError">java.lang.AssertionError: Expected Message : INCORRECT WELCOME MESSAGE!Actual Message : Welcome to the Simple Travel Agency!
</failure>
  </testcase>
  <testcase name="And User clicks on destination of the week link on welcome screen" classname="Scenario: Verify Welcome Message" time="0">
    <skipped/>
  </testcase>
  <testcase name="Then User is navigated to vacation screen" classname="Scenario: Verify Welcome Message" time="0">
    <skipped/>
  </testcase>
  <testcase name="Given User launches application" classname="Scenario: Choose Flight" time="0"/>
  <testcase name="When User finds flights from Portland city to Dublin city" classname="Scenario: Choose Flight" time="0"/>
  <testcase name="And User is navigated to reserve screen" classname="Scenario: Choose Flight" time="0"/>
  <testcase name="And User chooses flight number INCORRECT NUMBER" classname="Scenario: Choose Flight" time="0">
    <failure message="Flight with Flight number as INCORRECT NUMBER NOT found on the screen" type="java.lang.AssertionError">java.lang.AssertionError: Flight with Flight number as INCORRECT NUMBER NOT found on the screen
</failure>
    <system-out><![CDATA[FAIL : Flight with Flight number as INCORRECT NUMBER NOT found on the screen

]]></system-out>
  </testcase>
  <testcase name="Scenario: Choose Flight" classname="Scenario: Choose Flight" time="0">
    <failure message="Flight with Flight number as INCORRECT NUMBER NOT found on the screen" type="java.lang.AssertionError">java.lang.AssertionError: Flight with Flight number as INCORRECT NUMBER NOT found on the screen
</failure>
  </testcase>
  <testcase name="Then User is navigated to purchase screen" classname="Scenario: Choose Flight" time="0">
    <skipped/>
  </testcase>
</testsuite>